[2018-07-20T19:11:19.647] [ERROR] info - Get user Service: Internal server error ReferenceError: item is not defined
    at exports.addOrder (D:\Angular\Mocha and Chai\awsdemo\awsdemo\controllers\user.js:265:56)
    at Layer.handle [as handle_request] (D:\Angular\Mocha and Chai\awsdemo\awsdemo\node_modules\express\lib\router\layer.js:95:5)
    at next (D:\Angular\Mocha and Chai\awsdemo\awsdemo\node_modules\express\lib\router\route.js:137:13)
    at Route.dispatch (D:\Angular\Mocha and Chai\awsdemo\awsdemo\node_modules\express\lib\router\route.js:112:3)
    at Layer.handle [as handle_request] (D:\Angular\Mocha and Chai\awsdemo\awsdemo\node_modules\express\lib\router\layer.js:95:5)
    at D:\Angular\Mocha and Chai\awsdemo\awsdemo\node_modules\express\lib\router\index.js:281:22
    at Function.process_params (D:\Angular\Mocha and Chai\awsdemo\awsdemo\node_modules\express\lib\router\index.js:335:12)
    at next (D:\Angular\Mocha and Chai\awsdemo\awsdemo\node_modules\express\lib\router\index.js:275:10)
    at cors (D:\Angular\Mocha and Chai\awsdemo\awsdemo\node_modules\cors\lib\index.js:188:7)
    at D:\Angular\Mocha and Chai\awsdemo\awsdemo\node_modules\cors\lib\index.js:224:17
    at originCallback (D:\Angular\Mocha and Chai\awsdemo\awsdemo\node_modules\cors\lib\index.js:214:15)
    at D:\Angular\Mocha and Chai\awsdemo\awsdemo\node_modules\cors\lib\index.js:219:13
    at optionsCallback (D:\Angular\Mocha and Chai\awsdemo\awsdemo\node_modules\cors\lib\index.js:199:9)
    at corsMiddleware (D:\Angular\Mocha and Chai\awsdemo\awsdemo\node_modules\cors\lib\index.js:204:7)
    at Layer.handle [as handle_request] (D:\Angular\Mocha and Chai\awsdemo\awsdemo\node_modules\express\lib\router\layer.js:95:5)
    at trim_prefix (D:\Angular\Mocha and Chai\awsdemo\awsdemo\node_modules\express\lib\router\index.js:317:13)
[2018-07-20T19:11:54.066] [ERROR] info - Get user Service: Internal server error ReferenceError: item is not defined
    at exports.addOrder (D:\Angular\Mocha and Chai\awsdemo\awsdemo\controllers\user.js:265:56)
    at Layer.handle [as handle_request] (D:\Angular\Mocha and Chai\awsdemo\awsdemo\node_modules\express\lib\router\layer.js:95:5)
    at next (D:\Angular\Mocha and Chai\awsdemo\awsdemo\node_modules\express\lib\router\route.js:137:13)
    at Route.dispatch (D:\Angular\Mocha and Chai\awsdemo\awsdemo\node_modules\express\lib\router\route.js:112:3)
    at Layer.handle [as handle_request] (D:\Angular\Mocha and Chai\awsdemo\awsdemo\node_modules\express\lib\router\layer.js:95:5)
    at D:\Angular\Mocha and Chai\awsdemo\awsdemo\node_modules\express\lib\router\index.js:281:22
    at Function.process_params (D:\Angular\Mocha and Chai\awsdemo\awsdemo\node_modules\express\lib\router\index.js:335:12)
    at next (D:\Angular\Mocha and Chai\awsdemo\awsdemo\node_modules\express\lib\router\index.js:275:10)
    at cors (D:\Angular\Mocha and Chai\awsdemo\awsdemo\node_modules\cors\lib\index.js:188:7)
    at D:\Angular\Mocha and Chai\awsdemo\awsdemo\node_modules\cors\lib\index.js:224:17
    at originCallback (D:\Angular\Mocha and Chai\awsdemo\awsdemo\node_modules\cors\lib\index.js:214:15)
    at D:\Angular\Mocha and Chai\awsdemo\awsdemo\node_modules\cors\lib\index.js:219:13
    at optionsCallback (D:\Angular\Mocha and Chai\awsdemo\awsdemo\node_modules\cors\lib\index.js:199:9)
    at corsMiddleware (D:\Angular\Mocha and Chai\awsdemo\awsdemo\node_modules\cors\lib\index.js:204:7)
    at Layer.handle [as handle_request] (D:\Angular\Mocha and Chai\awsdemo\awsdemo\node_modules\express\lib\router\layer.js:95:5)
    at trim_prefix (D:\Angular\Mocha and Chai\awsdemo\awsdemo\node_modules\express\lib\router\index.js:317:13)
[2018-07-20T19:12:07.205] [ERROR] info - Get user Service: Internal server error ReferenceError: item is not defined
    at exports.addOrder (D:\Angular\Mocha and Chai\awsdemo\awsdemo\controllers\user.js:265:56)
    at Layer.handle [as handle_request] (D:\Angular\Mocha and Chai\awsdemo\awsdemo\node_modules\express\lib\router\layer.js:95:5)
    at next (D:\Angular\Mocha and Chai\awsdemo\awsdemo\node_modules\express\lib\router\route.js:137:13)
    at Route.dispatch (D:\Angular\Mocha and Chai\awsdemo\awsdemo\node_modules\express\lib\router\route.js:112:3)
    at Layer.handle [as handle_request] (D:\Angular\Mocha and Chai\awsdemo\awsdemo\node_modules\express\lib\router\layer.js:95:5)
    at D:\Angular\Mocha and Chai\awsdemo\awsdemo\node_modules\express\lib\router\index.js:281:22
    at Function.process_params (D:\Angular\Mocha and Chai\awsdemo\awsdemo\node_modules\express\lib\router\index.js:335:12)
    at next (D:\Angular\Mocha and Chai\awsdemo\awsdemo\node_modules\express\lib\router\index.js:275:10)
    at cors (D:\Angular\Mocha and Chai\awsdemo\awsdemo\node_modules\cors\lib\index.js:188:7)
    at D:\Angular\Mocha and Chai\awsdemo\awsdemo\node_modules\cors\lib\index.js:224:17
    at originCallback (D:\Angular\Mocha and Chai\awsdemo\awsdemo\node_modules\cors\lib\index.js:214:15)
    at D:\Angular\Mocha and Chai\awsdemo\awsdemo\node_modules\cors\lib\index.js:219:13
    at optionsCallback (D:\Angular\Mocha and Chai\awsdemo\awsdemo\node_modules\cors\lib\index.js:199:9)
    at corsMiddleware (D:\Angular\Mocha and Chai\awsdemo\awsdemo\node_modules\cors\lib\index.js:204:7)
    at Layer.handle [as handle_request] (D:\Angular\Mocha and Chai\awsdemo\awsdemo\node_modules\express\lib\router\layer.js:95:5)
    at trim_prefix (D:\Angular\Mocha and Chai\awsdemo\awsdemo\node_modules\express\lib\router\index.js:317:13)
[2018-07-20T19:13:09.949] [ERROR] info - Get user Service: Internal server error ReferenceError: item is not defined
    at exports.addOrder (D:\Angular\Mocha and Chai\awsdemo\awsdemo\controllers\user.js:267:56)
    at Layer.handle [as handle_request] (D:\Angular\Mocha and Chai\awsdemo\awsdemo\node_modules\express\lib\router\layer.js:95:5)
    at next (D:\Angular\Mocha and Chai\awsdemo\awsdemo\node_modules\express\lib\router\route.js:137:13)
    at Route.dispatch (D:\Angular\Mocha and Chai\awsdemo\awsdemo\node_modules\express\lib\router\route.js:112:3)
    at Layer.handle [as handle_request] (D:\Angular\Mocha and Chai\awsdemo\awsdemo\node_modules\express\lib\router\layer.js:95:5)
    at D:\Angular\Mocha and Chai\awsdemo\awsdemo\node_modules\express\lib\router\index.js:281:22
    at Function.process_params (D:\Angular\Mocha and Chai\awsdemo\awsdemo\node_modules\express\lib\router\index.js:335:12)
    at next (D:\Angular\Mocha and Chai\awsdemo\awsdemo\node_modules\express\lib\router\index.js:275:10)
    at cors (D:\Angular\Mocha and Chai\awsdemo\awsdemo\node_modules\cors\lib\index.js:188:7)
    at D:\Angular\Mocha and Chai\awsdemo\awsdemo\node_modules\cors\lib\index.js:224:17
    at originCallback (D:\Angular\Mocha and Chai\awsdemo\awsdemo\node_modules\cors\lib\index.js:214:15)
    at D:\Angular\Mocha and Chai\awsdemo\awsdemo\node_modules\cors\lib\index.js:219:13
    at optionsCallback (D:\Angular\Mocha and Chai\awsdemo\awsdemo\node_modules\cors\lib\index.js:199:9)
    at corsMiddleware (D:\Angular\Mocha and Chai\awsdemo\awsdemo\node_modules\cors\lib\index.js:204:7)
    at Layer.handle [as handle_request] (D:\Angular\Mocha and Chai\awsdemo\awsdemo\node_modules\express\lib\router\layer.js:95:5)
    at trim_prefix (D:\Angular\Mocha and Chai\awsdemo\awsdemo\node_modules\express\lib\router\index.js:317:13)
[2018-07-20T19:14:21.758] [ERROR] info - Get user Service: Internal server error ReferenceError: item is not defined
    at exports.addOrder (D:\Angular\Mocha and Chai\awsdemo\awsdemo\controllers\user.js:267:56)
    at Layer.handle [as handle_request] (D:\Angular\Mocha and Chai\awsdemo\awsdemo\node_modules\express\lib\router\layer.js:95:5)
    at next (D:\Angular\Mocha and Chai\awsdemo\awsdemo\node_modules\express\lib\router\route.js:137:13)
    at Route.dispatch (D:\Angular\Mocha and Chai\awsdemo\awsdemo\node_modules\express\lib\router\route.js:112:3)
    at Layer.handle [as handle_request] (D:\Angular\Mocha and Chai\awsdemo\awsdemo\node_modules\express\lib\router\layer.js:95:5)
    at D:\Angular\Mocha and Chai\awsdemo\awsdemo\node_modules\express\lib\router\index.js:281:22
    at Function.process_params (D:\Angular\Mocha and Chai\awsdemo\awsdemo\node_modules\express\lib\router\index.js:335:12)
    at next (D:\Angular\Mocha and Chai\awsdemo\awsdemo\node_modules\express\lib\router\index.js:275:10)
    at cors (D:\Angular\Mocha and Chai\awsdemo\awsdemo\node_modules\cors\lib\index.js:188:7)
    at D:\Angular\Mocha and Chai\awsdemo\awsdemo\node_modules\cors\lib\index.js:224:17
    at originCallback (D:\Angular\Mocha and Chai\awsdemo\awsdemo\node_modules\cors\lib\index.js:214:15)
    at D:\Angular\Mocha and Chai\awsdemo\awsdemo\node_modules\cors\lib\index.js:219:13
    at optionsCallback (D:\Angular\Mocha and Chai\awsdemo\awsdemo\node_modules\cors\lib\index.js:199:9)
    at corsMiddleware (D:\Angular\Mocha and Chai\awsdemo\awsdemo\node_modules\cors\lib\index.js:204:7)
    at Layer.handle [as handle_request] (D:\Angular\Mocha and Chai\awsdemo\awsdemo\node_modules\express\lib\router\layer.js:95:5)
    at trim_prefix (D:\Angular\Mocha and Chai\awsdemo\awsdemo\node_modules\express\lib\router\index.js:317:13)
[2018-07-20T19:14:44.837] [ERROR] info - Get user Service: Internal server error ReferenceError: item is not defined
    at exports.addOrder (D:\Angular\Mocha and Chai\awsdemo\awsdemo\controllers\user.js:267:56)
    at Layer.handle [as handle_request] (D:\Angular\Mocha and Chai\awsdemo\awsdemo\node_modules\express\lib\router\layer.js:95:5)
    at next (D:\Angular\Mocha and Chai\awsdemo\awsdemo\node_modules\express\lib\router\route.js:137:13)
    at Route.dispatch (D:\Angular\Mocha and Chai\awsdemo\awsdemo\node_modules\express\lib\router\route.js:112:3)
    at Layer.handle [as handle_request] (D:\Angular\Mocha and Chai\awsdemo\awsdemo\node_modules\express\lib\router\layer.js:95:5)
    at D:\Angular\Mocha and Chai\awsdemo\awsdemo\node_modules\express\lib\router\index.js:281:22
    at Function.process_params (D:\Angular\Mocha and Chai\awsdemo\awsdemo\node_modules\express\lib\router\index.js:335:12)
    at next (D:\Angular\Mocha and Chai\awsdemo\awsdemo\node_modules\express\lib\router\index.js:275:10)
    at cors (D:\Angular\Mocha and Chai\awsdemo\awsdemo\node_modules\cors\lib\index.js:188:7)
    at D:\Angular\Mocha and Chai\awsdemo\awsdemo\node_modules\cors\lib\index.js:224:17
    at originCallback (D:\Angular\Mocha and Chai\awsdemo\awsdemo\node_modules\cors\lib\index.js:214:15)
    at D:\Angular\Mocha and Chai\awsdemo\awsdemo\node_modules\cors\lib\index.js:219:13
    at optionsCallback (D:\Angular\Mocha and Chai\awsdemo\awsdemo\node_modules\cors\lib\index.js:199:9)
    at corsMiddleware (D:\Angular\Mocha and Chai\awsdemo\awsdemo\node_modules\cors\lib\index.js:204:7)
    at Layer.handle [as handle_request] (D:\Angular\Mocha and Chai\awsdemo\awsdemo\node_modules\express\lib\router\layer.js:95:5)
    at trim_prefix (D:\Angular\Mocha and Chai\awsdemo\awsdemo\node_modules\express\lib\router\index.js:317:13)
[2018-07-20T19:15:32.256] [ERROR] info - Get user Service: Internal server error ReferenceError: item is not defined
    at exports.addOrder (D:\Angular\Mocha and Chai\awsdemo\awsdemo\controllers\user.js:267:79)
    at Layer.handle [as handle_request] (D:\Angular\Mocha and Chai\awsdemo\awsdemo\node_modules\express\lib\router\layer.js:95:5)
    at next (D:\Angular\Mocha and Chai\awsdemo\awsdemo\node_modules\express\lib\router\route.js:137:13)
    at Route.dispatch (D:\Angular\Mocha and Chai\awsdemo\awsdemo\node_modules\express\lib\router\route.js:112:3)
    at Layer.handle [as handle_request] (D:\Angular\Mocha and Chai\awsdemo\awsdemo\node_modules\express\lib\router\layer.js:95:5)
    at D:\Angular\Mocha and Chai\awsdemo\awsdemo\node_modules\express\lib\router\index.js:281:22
    at Function.process_params (D:\Angular\Mocha and Chai\awsdemo\awsdemo\node_modules\express\lib\router\index.js:335:12)
    at next (D:\Angular\Mocha and Chai\awsdemo\awsdemo\node_modules\express\lib\router\index.js:275:10)
    at cors (D:\Angular\Mocha and Chai\awsdemo\awsdemo\node_modules\cors\lib\index.js:188:7)
    at D:\Angular\Mocha and Chai\awsdemo\awsdemo\node_modules\cors\lib\index.js:224:17
    at originCallback (D:\Angular\Mocha and Chai\awsdemo\awsdemo\node_modules\cors\lib\index.js:214:15)
    at D:\Angular\Mocha and Chai\awsdemo\awsdemo\node_modules\cors\lib\index.js:219:13
    at optionsCallback (D:\Angular\Mocha and Chai\awsdemo\awsdemo\node_modules\cors\lib\index.js:199:9)
    at corsMiddleware (D:\Angular\Mocha and Chai\awsdemo\awsdemo\node_modules\cors\lib\index.js:204:7)
    at Layer.handle [as handle_request] (D:\Angular\Mocha and Chai\awsdemo\awsdemo\node_modules\express\lib\router\layer.js:95:5)
    at trim_prefix (D:\Angular\Mocha and Chai\awsdemo\awsdemo\node_modules\express\lib\router\index.js:317:13)
[2018-07-20T19:21:41.407] [ERROR] info - Get user Service: Internal server error ReferenceError: item is not defined
    at exports.addOrder (D:\Angular\Mocha and Chai\awsdemo\awsdemo\controllers\user.js:267:79)
    at Layer.handle [as handle_request] (D:\Angular\Mocha and Chai\awsdemo\awsdemo\node_modules\express\lib\router\layer.js:95:5)
    at next (D:\Angular\Mocha and Chai\awsdemo\awsdemo\node_modules\express\lib\router\route.js:137:13)
    at Route.dispatch (D:\Angular\Mocha and Chai\awsdemo\awsdemo\node_modules\express\lib\router\route.js:112:3)
    at Layer.handle [as handle_request] (D:\Angular\Mocha and Chai\awsdemo\awsdemo\node_modules\express\lib\router\layer.js:95:5)
    at D:\Angular\Mocha and Chai\awsdemo\awsdemo\node_modules\express\lib\router\index.js:281:22
    at Function.process_params (D:\Angular\Mocha and Chai\awsdemo\awsdemo\node_modules\express\lib\router\index.js:335:12)
    at next (D:\Angular\Mocha and Chai\awsdemo\awsdemo\node_modules\express\lib\router\index.js:275:10)
    at cors (D:\Angular\Mocha and Chai\awsdemo\awsdemo\node_modules\cors\lib\index.js:188:7)
    at D:\Angular\Mocha and Chai\awsdemo\awsdemo\node_modules\cors\lib\index.js:224:17
    at originCallback (D:\Angular\Mocha and Chai\awsdemo\awsdemo\node_modules\cors\lib\index.js:214:15)
    at D:\Angular\Mocha and Chai\awsdemo\awsdemo\node_modules\cors\lib\index.js:219:13
    at optionsCallback (D:\Angular\Mocha and Chai\awsdemo\awsdemo\node_modules\cors\lib\index.js:199:9)
    at corsMiddleware (D:\Angular\Mocha and Chai\awsdemo\awsdemo\node_modules\cors\lib\index.js:204:7)
    at Layer.handle [as handle_request] (D:\Angular\Mocha and Chai\awsdemo\awsdemo\node_modules\express\lib\router\layer.js:95:5)
    at trim_prefix (D:\Angular\Mocha and Chai\awsdemo\awsdemo\node_modules\express\lib\router\index.js:317:13)
